<?xml version="1.0" encoding="UTF-8"?>
<!-- Generated by org.testng.reporters.JUnitXMLReporter -->
<testsuite hostname="DESKTOP-C79FC9R" ignored="1" name="Default test" tests="2" failures="0" timestamp="11 Nov 2019 14:54:49 GMT" time="56.759" errors="0">
  <testcase name="runTC001" time="7.779" classname="com.leafBot.testcases.TC001_CreateLead"/>
  <testcase name="runTC001" time="3.742" classname="com.leafBot.testcases.TC001_CreateLead"/>
  <testcase name="runScenario" time="0.0" classname="cucumber.api.testng.AbstractTestNGCucumberTests">
    <ignored/>
  </testcase> <!-- runScenario -->
</testsuite> <!-- Default test -->
