<?xml version="1.0" encoding="UTF-8"?>
<testng-results skipped="0" failed="0" ignored="0" total="1" passed="1">
  <reporter-output>
  </reporter-output>
  <suite name="Suite" duration-ms="46726" started-at="2019-11-17T06:06:24Z" finished-at="2019-11-17T06:07:11Z">
    <groups>
    </groups>
    <test name="InvoiceSearch" duration-ms="46726" started-at="2019-11-17T06:06:24Z" finished-at="2019-11-17T06:07:11Z">
      <class name="acme1.Vendor">
        <test-method status="PASS" signature="search()[pri:0, instance:acme1.Vendor@57baeedf]" name="search" duration-ms="46645" started-at="2019-11-17T06:06:24Z" finished-at="2019-11-17T06:07:11Z">
          <reporter-output>
          </reporter-output>
        </test-method> <!-- search -->
      </class> <!-- acme1.Vendor -->
    </test> <!-- InvoiceSearch -->
  </suite> <!-- Suite -->
</testng-results>
